[12:34:32] [INFO] changed log level from 'warning, error' to 'info'
[12:34:32] [INFO] Callback 'OnHousesDownloaded' set up for delayed execution.
[12:34:32] [INFO] query "SELECT * FROM `houses`" successfully executed within 0.355 milliseconds
[12:34:32] [INFO] Executing callback 'OnHousesDownloaded' with 0 parameter...
[12:34:32] [INFO] Callback successfully executed.
[12:34:52] [INFO] Callback 'OnPlayerDataLoaded' set up for delayed execution.
[12:34:52] [INFO] orm_select: generated query "SELECT `password`,`salt`,`x`,`y`,`z`,`a`,`interior`,`id`,`skin`,`money`,`virtualworld` FROM `players` WHERE `username`='NewUser' LIMIT 1"
[12:34:52] [INFO] query "SELECT `password`,`salt`,`x`,`y`,`z`,`a`,`interior`,`id`,`skin`,`money`,`virtualworld` FROM `players` WHERE `username`='NewUser' LIMIT 1" successfully executed within 0.410 milliseconds
[12:34:52] [INFO] Executing callback 'OnPlayerDataLoaded' with 1 parameter...
[12:34:52] [INFO] Callback successfully executed.
[12:35:16] [INFO] Callback 'TellUser' set up for delayed execution.
[12:36:57] [INFO] orm_update: generated query "UPDATE `players` SET `password`='6E4829BCC6F44E4EB00E588FC2D3F06F3E9805274E5F6771C0A0038C103A2283',`salt`='P;eg(HX8cH|*=tz4',`x`='2231.365',`y`='-1286.411',`z`='25.367',`a`='138.296',`interior`='0',`skin`='7',`money`='100000',`virtualworld`='0',`username`='NewUser' WHERE `id`='10' LIMIT 1"
[12:36:57] [INFO] query "UPDATE `players` SET `password`='6E4829BCC6F44E4EB00E588FC2D3F06F3E9805274E5F6771C0A0038C103A2283',`salt`='P;eg(HX8cH|*=tz4',`x`='2231.365',`y`='-1286.411',`z`='25.367',`a`='138.296',`interior`='0',`skin`='7',`money`='100000',`virtualworld`='0',`username`='NewUser' WHERE `id`='10' LIMIT 1" successfully executed within 11.115 milliseconds
[12:37:09] [INFO] Creating new connection handle...
[12:37:09] [INFO] changed log level from 'info' to 'info'
[12:37:09] [INFO] Callback 'OnHousesDownloaded' set up for delayed execution.
[12:37:09] [INFO] query "SELECT * FROM `houses`" successfully executed within 0.447 milliseconds
[12:37:09] [INFO] Callback 'OnPlayerDataLoaded' set up for delayed execution.
[12:37:09] [INFO] orm_select: generated query "SELECT `password`,`salt`,`x`,`y`,`z`,`a`,`interior`,`id`,`skin`,`money`,`virtualworld` FROM `players` WHERE `username`='NewUser' LIMIT 1"
[12:37:09] [INFO] Executing callback 'OnHousesDownloaded' with 0 parameter...
[12:37:09] [INFO] Callback successfully executed.
[12:37:09] [INFO] query "SELECT `password`,`salt`,`x`,`y`,`z`,`a`,`interior`,`id`,`skin`,`money`,`virtualworld` FROM `players` WHERE `username`='NewUser' LIMIT 1" successfully executed within 0.203 milliseconds
[12:37:09] [INFO] Executing callback 'OnPlayerDataLoaded' with 1 parameter...
[12:37:09] [INFO] Callback successfully executed.
[12:37:28] [INFO] Callback 'TellUser' set up for delayed execution.
[12:37:28] [INFO] orm_insert: generated query "INSERT INTO `houses` (`house_owner`,`house_labelx`,`house_labely`,`house_labelz`,`house_enterx`,`house_entery`,`house_enterz`,`house_exitposx`,`house_exitposy`,`house_exitposz`,`house_exitposa`) VALUES ('server','2229.01','-1285.042','25.367','2229.988','-1280.466','25.367','2230.394','-1282.578','25.367','181.618')"
[12:37:28] [INFO] query "INSERT INTO `houses` (`house_owner`,`house_labelx`,`house_labely`,`house_labelz`,`house_enterx`,`house_entery`,`house_enterz`,`house_exitposx`,`house_exitposy`,`house_exitposz`,`house_exitposa`) VALUES ('server','2229.01','-1285.042','25.367','2229.988','-1280.466','25.367','2230.394','-1282.578','25.367','181.618')" successfully executed within 3.659 milliseconds
[12:37:28] [INFO] Executing callback 'TellUser' with 1 parameter...
[12:37:28] [INFO] Callback successfully executed.
[12:37:56] [INFO] orm_update: generated query "UPDATE `players` SET `password`='6E4829BCC6F44E4EB00E588FC2D3F06F3E9805274E5F6771C0A0038C103A2283',`salt`='P;eg(HX8cH|*=tz4',`x`='2229.752',`y`='-1285.706',`z`='25.367',`a`='102.207',`interior`='0',`skin`='7',`money`='100000',`virtualworld`='0',`username`='NewUser' WHERE `id`='10' LIMIT 1"
[12:37:56] [INFO] query "UPDATE `players` SET `password`='6E4829BCC6F44E4EB00E588FC2D3F06F3E9805274E5F6771C0A0038C103A2283',`salt`='P;eg(HX8cH|*=tz4',`x`='2229.752',`y`='-1285.706',`z`='25.367',`a`='102.207',`interior`='0',`skin`='7',`money`='100000',`virtualworld`='0',`username`='NewUser' WHERE `id`='10' LIMIT 1" successfully executed within 2.912 milliseconds
[12:38:08] [INFO] Creating new connection handle...
[12:38:08] [INFO] changed log level from 'info' to 'info'
[12:38:08] [INFO] Callback 'OnHousesDownloaded' set up for delayed execution.
[12:38:08] [INFO] Callback 'OnPlayerDataLoaded' set up for delayed execution.
[12:38:08] [INFO] orm_select: generated query "SELECT `password`,`salt`,`x`,`y`,`z`,`a`,`interior`,`id`,`skin`,`money`,`virtualworld` FROM `players` WHERE `username`='NewUser' LIMIT 1"
[12:38:08] [INFO] query "SELECT * FROM `houses`" successfully executed within 0.321 milliseconds
[12:38:08] [INFO] query "SELECT `password`,`salt`,`x`,`y`,`z`,`a`,`interior`,`id`,`skin`,`money`,`virtualworld` FROM `players` WHERE `username`='NewUser' LIMIT 1" successfully executed within 0.176 milliseconds
[12:38:08] [INFO] Executing callback 'OnHousesDownloaded' with 0 parameter...
[12:38:08] [INFO] Callback successfully executed.
[12:38:08] [INFO] Executing callback 'OnPlayerDataLoaded' with 1 parameter...
[12:38:08] [INFO] Callback successfully executed.
[12:38:22] [INFO] query "UPDATE `houses` SET `house_owner` = 'NewUser' WHERE `houses`.`house_id` = 2;" successfully executed within 3.281 milliseconds
[12:38:44] [INFO] orm_update: generated query "UPDATE `players` SET `password`='6E4829BCC6F44E4EB00E588FC2D3F06F3E9805274E5F6771C0A0038C103A2283',`salt`='P;eg(HX8cH|*=tz4',`x`='2231.257',`y`='-1294.18',`z`='23.98',`a`='179.239',`interior`='0',`skin`='7',`money`='100000',`virtualworld`='0',`username`='NewUser' WHERE `id`='10' LIMIT 1"
[12:38:44] [INFO] query "UPDATE `players` SET `password`='6E4829BCC6F44E4EB00E588FC2D3F06F3E9805274E5F6771C0A0038C103A2283',`salt`='P;eg(HX8cH|*=tz4',`x`='2231.257',`y`='-1294.18',`z`='23.98',`a`='179.239',`interior`='0',`skin`='7',`money`='100000',`virtualworld`='0',`username`='NewUser' WHERE `id`='10' LIMIT 1" successfully executed within 3.263 milliseconds
[12:53:41] [INFO] changed log level from 'warning, error' to 'info'
[12:53:41] [INFO] Callback 'OnHousesDownloaded' set up for delayed execution.
[12:53:41] [INFO] query "SELECT * FROM `houses`" successfully executed within 23.271 milliseconds
[12:53:41] [INFO] Executing callback 'OnHousesDownloaded' with 0 parameter...
[12:53:41] [INFO] Callback successfully executed.
[12:54:05] [INFO] Callback 'OnPlayerDataLoaded' set up for delayed execution.
[12:54:05] [INFO] orm_select: generated query "SELECT `password`,`salt`,`x`,`y`,`z`,`a`,`interior`,`id`,`skin`,`money`,`virtualworld` FROM `players` WHERE `username`='NewUser' LIMIT 1"
[12:54:05] [INFO] query "SELECT `password`,`salt`,`x`,`y`,`z`,`a`,`interior`,`id`,`skin`,`money`,`virtualworld` FROM `players` WHERE `username`='NewUser' LIMIT 1" successfully executed within 1.579 milliseconds
[12:54:05] [INFO] Executing callback 'OnPlayerDataLoaded' with 1 parameter...
[12:54:05] [INFO] Callback successfully executed.
[12:55:40] [INFO] Callback 'TellUser' set up for delayed execution.
[12:55:40] [INFO] orm_insert: generated query "INSERT INTO `houses` (`house_owner`,`house_labelx`,`house_labely`,`house_labelz`,`house_enterx`,`house_entery`,`house_enterz`,`house_exitposx`,`house_exitposy`,`house_exitposz`,`house_exitposa`) VALUES ('server','2467.09','-1651.507','13.471','2469.491','-1646.346','13.78','2469.438','-1648.197','13.472','182.012')"
[12:55:40] [INFO] query "INSERT INTO `houses` (`house_owner`,`house_labelx`,`house_labely`,`house_labelz`,`house_enterx`,`house_entery`,`house_enterz`,`house_exitposx`,`house_exitposy`,`house_exitposz`,`house_exitposa`) VALUES ('server','2467.09','-1651.507','13.471','2469.491','-1646.346','13.78','2469.438','-1648.197','13.472','182.012')" successfully executed within 3.505 milliseconds
[12:55:40] [INFO] Executing callback 'TellUser' with 1 parameter...
[12:55:40] [INFO] Callback successfully executed.
[12:57:06] [INFO] query "UPDATE `houses` SET `house_owner` = 'NewUser' WHERE `houses`.`house_id` = 3;" successfully executed within 2.873 milliseconds
[12:58:00] [INFO] orm_update: generated query "UPDATE `players` SET `password`='6E4829BCC6F44E4EB00E588FC2D3F06F3E9805274E5F6771C0A0038C103A2283',`salt`='P;eg(HX8cH|*=tz4',`x`='2452.178',`y`='-1650.768',`z`='13.41',`a`='359.941',`interior`='0',`skin`='7',`money`='100000',`virtualworld`='0',`username`='NewUser' WHERE `id`='10' LIMIT 1"
[12:58:00] [INFO] query "UPDATE `players` SET `password`='6E4829BCC6F44E4EB00E588FC2D3F06F3E9805274E5F6771C0A0038C103A2283',`salt`='P;eg(HX8cH|*=tz4',`x`='2452.178',`y`='-1650.768',`z`='13.41',`a`='359.941',`interior`='0',`skin`='7',`money`='100000',`virtualworld`='0',`username`='NewUser' WHERE `id`='10' LIMIT 1" successfully executed within 2.822 milliseconds
[12:58:48] [INFO] changed log level from 'warning, error' to 'info'
[12:58:48] [INFO] Callback 'OnHousesDownloaded' set up for delayed execution.
[12:58:48] [INFO] query "SELECT * FROM `houses`" successfully executed within 0.232 milliseconds
[12:58:48] [INFO] Executing callback 'OnHousesDownloaded' with 0 parameter...
[12:58:48] [INFO] Callback successfully executed.
[12:59:10] [INFO] Callback 'OnPlayerDataLoaded' set up for delayed execution.
[12:59:10] [INFO] orm_select: generated query "SELECT `password`,`salt`,`x`,`y`,`z`,`a`,`interior`,`id`,`skin`,`money`,`virtualworld` FROM `players` WHERE `username`='NewUser' LIMIT 1"
[12:59:10] [INFO] query "SELECT `password`,`salt`,`x`,`y`,`z`,`a`,`interior`,`id`,`skin`,`money`,`virtualworld` FROM `players` WHERE `username`='NewUser' LIMIT 1" successfully executed within 0.328 milliseconds
[12:59:10] [INFO] Executing callback 'OnPlayerDataLoaded' with 1 parameter...
[12:59:10] [INFO] Callback successfully executed.
[13:00:28] [INFO] Callback 'TellUser' set up for delayed execution.
[13:00:28] [INFO] orm_insert: generated query "INSERT INTO `houses` (`house_owner`,`house_labelx`,`house_labely`,`house_labelz`,`house_enterx`,`house_entery`,`house_enterz`,`house_exitposx`,`house_exitposy`,`house_exitposz`,`house_exitposa`) VALUES ('server','2449.156','-1651.037','13.402','2451.908','-1641.409','14.066','2451.898','-1644.132','13.457','180.712')"
[13:00:28] [INFO] query "INSERT INTO `houses` (`house_owner`,`house_labelx`,`house_labely`,`house_labelz`,`house_enterx`,`house_entery`,`house_enterz`,`house_exitposx`,`house_exitposy`,`house_exitposz`,`house_exitposa`) VALUES ('server','2449.156','-1651.037','13.402','2451.908','-1641.409','14.066','2451.898','-1644.132','13.457','180.712')" successfully executed within 3.508 milliseconds
[13:00:28] [INFO] Executing callback 'TellUser' with 1 parameter...
[13:00:28] [INFO] Callback successfully executed.
[13:00:40] [INFO] query "UPDATE `houses` SET `house_owner` = 'NewUser' WHERE `houses`.`house_id` = 4;" successfully executed within 3.76 milliseconds
